PLINK v1.90b2o 64-bit (25 Nov 2014)
9 arguments: --bfile chrom22 --keep ../subsample.txt --maf 0.05 --make-bed --out chrom22_sub_maf0.05
Hostname: 2cf0ee25939a
Working directory: /Users/rakitsch/Documents/Work/mtSet/data/1000G_chr22
Start time: Tue Dec  2 10:41:11 2014

Random number seed: 1417516871
8192 MB RAM detected; reserving 4096 MB for main workspace.
475371 variants loaded from .bim file.
1092 people (0 males, 0 females, 1092 ambiguous) loaded from .fam.
Ambiguous sex IDs written to chrom22_sub_maf0.05.nosex .
--keep: 372 people remaining.
Warning: At least 42 duplicate IDs in --keep file.
Using 1 thread (no multithreaded calculations invoked).
Before main variant filters, 372 founders and 0 nonfounders present.
Calculating allele frequencies... done.
383200 variants removed due to MAF threshold(s) (--maf/--max-maf).
92171 variants and 372 people pass filters and QC.
Note: No phenotypes present.
--make-bed to chrom22_sub_maf0.05.bed + chrom22_sub_maf0.05.bim +
chrom22_sub_maf0.05.fam ... done.

End time: Tue Dec  2 10:41:11 2014
